<?xml version="1.0" encoding="UTF-8"?>
<testng-results ignored="0" total="1" passed="1" failed="0" skipped="0">
  <reporter-output>
  </reporter-output>
  <suite started-at="2023-12-19T16:55:32 IST" name="Default suite" finished-at="2023-12-19T16:55:36 IST" duration-ms="4328">
    <groups>
    </groups>
    <test started-at="2023-12-19T16:55:32 IST" name="Default test" finished-at="2023-12-19T16:55:36 IST" duration-ms="4328">
      <class name="sample.Sample">
        <test-method signature="test()[pri:0, instance:sample.Sample@38c6f217]" started-at="2023-12-19T16:55:32 IST" name="test" finished-at="2023-12-19T16:55:36 IST" duration-ms="4286" status="PASS">
          <reporter-output>
          </reporter-output>
        </test-method> <!-- test -->
      </class> <!-- sample.Sample -->
    </test> <!-- Default test -->
  </suite> <!-- Default suite -->
</testng-results>
